#
# There is insufficient memory for the Java Runtime Environment to continue.
# Native memory allocation (mmap) failed to map 716177408 bytes for committing reserved memory.
# Possible reasons:
#   The system is out of physical RAM or swap space
#   In 32 bit mode, the process size limit was hit
# Possible solutions:
#   Reduce memory load on the system
#   Increase physical memory or swap space
#   Check if swap backing store is full
#   Use 64 bit Java on a 64 bit OS
#   Decrease Java heap size (-Xmx/-Xms)
#   Decrease number of Java threads
#   Decrease Java thread stack sizes (-Xss)
#   Set larger code cache with -XX:ReservedCodeCacheSize=
# This output file may be truncated or incomplete.
#
#  Out of Memory Error (os_linux.cpp:2746), pid=5193, tid=0x00007f9cc86d3700
#
# JRE version:  (8.0_191-b12) (build )
# Java VM: OpenJDK 64-Bit Server VM (25.191-b12 mixed mode linux-amd64 compressed oops)
# Failed to write core dump. Core dumps have been disabled. To enable core dumping, try "ulimit -c unlimited" before starting Java again
#

---------------  T H R E A D  ---------------

Current thread (0x00007f9cc000b000):  JavaThread "Unknown thread" [_thread_in_vm, id=5194, stack(0x00007f9cc85d4000,0x00007f9cc86d4000)]

Stack: [0x00007f9cc85d4000,0x00007f9cc86d4000],  sp=0x00007f9cc86d2590,  free space=1017k
Native frames: (J=compiled Java code, j=interpreted, Vv=VM code, C=native code)
V  [libjvm.so+0xab2552]
V  [libjvm.so+0x4d9e37]
V  [libjvm.so+0x8ed5e0]
V  [libjvm.so+0x8e470e]
V  [libjvm.so+0x968466]
V  [libjvm.so+0x95879c]
V  [libjvm.so+0x2b402e]
V  [libjvm.so+0x9153f1]
V  [libjvm.so+0xa74c2a]
V  [libjvm.so+0xa74f15]
V  [libjvm.so+0x626cef]
V  [libjvm.so+0xa5866b]
V  [libjvm.so+0x6a9241]  JNI_CreateJavaVM+0x61
C  [libjli.so+0x2ce3]
C  [libjli.so+0x77ad]
C  [libpthread.so.0+0x76db]  start_thread+0xdb


---------------  P R O C E S S  ---------------

Java Threads: ( => current thread )

Other Threads:

=>0x00007f9cc000b000 (exited) JavaThread "Unknown thread" [_thread_in_vm, id=5194, stack(0x00007f9cc85d4000,0x00007f9cc86d4000)]

VM state:not at safepoint (not fully initialized)

VM Mutex/Monitor currently owned by a thread: None

GC Heap History (0 events):
No events

Deoptimization events (0 events):
No events

Classes redefined (0 events):
No events

Internal exceptions (0 events):
No events

Events (0 events):
No events


Dynamic libraries:
eab00000-100000000 rw-p 00000000 00:00 0 
55b268ae1000-55b268ae2000 r-xp 00000000 ca:01 269963                     /usr/lib/jvm/java-8-openjdk-amd64/jre/bin/java
55b268ce1000-55b268ce2000 r--p 00000000 ca:01 269963                     /usr/lib/jvm/java-8-openjdk-amd64/jre/bin/java
55b268ce2000-55b268ce3000 rw-p 00001000 ca:01 269963                     /usr/lib/jvm/java-8-openjdk-amd64/jre/bin/java
55b2699ef000-55b269a10000 rw-p 00000000 00:00 0                          [heap]
7f9cb8000000-7f9cb8270000 rwxp 00000000 00:00 0 
7f9cb8270000-7f9cc0000000 ---p 00000000 00:00 0 
7f9cc0000000-7f9cc0032000 rw-p 00000000 00:00 0 
7f9cc0032000-7f9cc4000000 ---p 00000000 00:00 0 
7f9cc4b1e000-7f9cc4c73000 ---p 00000000 00:00 0 
7f9cc4c73000-7f9cc4d29000 rw-p 00000000 00:00 0 
7f9cc4d29000-7f9cc4f1f000 ---p 00000000 00:00 0 
7f9cc4f1f000-7f9cc4f27000 r-xp 00000000 ca:01 270009                     /usr/lib/jvm/java-8-openjdk-amd64/jre/lib/amd64/libzip.so
7f9cc4f27000-7f9cc5126000 ---p 00008000 ca:01 270009                     /usr/lib/jvm/java-8-openjdk-amd64/jre/lib/amd64/libzip.so
7f9cc5126000-7f9cc5127000 r--p 00007000 ca:01 270009                     /usr/lib/jvm/java-8-openjdk-amd64/jre/lib/amd64/libzip.so
7f9cc5127000-7f9cc5128000 rw-p 00008000 ca:01 270009                     /usr/lib/jvm/java-8-openjdk-amd64/jre/lib/amd64/libzip.so
7f9cc5128000-7f9cc5133000 r-xp 00000000 ca:01 2089                       /lib/x86_64-linux-gnu/libnss_files-2.27.so
7f9cc5133000-7f9cc5332000 ---p 0000b000 ca:01 2089                       /lib/x86_64-linux-gnu/libnss_files-2.27.so
7f9cc5332000-7f9cc5333000 r--p 0000a000 ca:01 2089                       /lib/x86_64-linux-gnu/libnss_files-2.27.so
7f9cc5333000-7f9cc5334000 rw-p 0000b000 ca:01 2089                       /lib/x86_64-linux-gnu/libnss_files-2.27.so
7f9cc5334000-7f9cc533a000 rw-p 00000000 00:00 0 
7f9cc533a000-7f9cc5351000 r-xp 00000000 ca:01 2086                       /lib/x86_64-linux-gnu/libnsl-2.27.so
7f9cc5351000-7f9cc5550000 ---p 00017000 ca:01 2086                       /lib/x86_64-linux-gnu/libnsl-2.27.so
7f9cc5550000-7f9cc5551000 r--p 00016000 ca:01 2086                       /lib/x86_64-linux-gnu/libnsl-2.27.so
7f9cc5551000-7f9cc5552000 rw-p 00017000 ca:01 2086                       /lib/x86_64-linux-gnu/libnsl-2.27.so
7f9cc5552000-7f9cc5554000 rw-p 00000000 00:00 0 
7f9cc5554000-7f9cc555f000 r-xp 00000000 ca:01 2091                       /lib/x86_64-linux-gnu/libnss_nis-2.27.so
7f9cc555f000-7f9cc575e000 ---p 0000b000 ca:01 2091                       /lib/x86_64-linux-gnu/libnss_nis-2.27.so
7f9cc575e000-7f9cc575f000 r--p 0000a000 ca:01 2091                       /lib/x86_64-linux-gnu/libnss_nis-2.27.so
7f9cc575f000-7f9cc5760000 rw-p 0000b000 ca:01 2091                       /lib/x86_64-linux-gnu/libnss_nis-2.27.so
7f9cc5760000-7f9cc5768000 r-xp 00000000 ca:01 2087                       /lib/x86_64-linux-gnu/libnss_compat-2.27.so
7f9cc5768000-7f9cc5968000 ---p 00008000 ca:01 2087                       /lib/x86_64-linux-gnu/libnss_compat-2.27.so
7f9cc5968000-7f9cc5969000 r--p 00008000 ca:01 2087                       /lib/x86_64-linux-gnu/libnss_compat-2.27.so
7f9cc5969000-7f9cc596a000 rw-p 00009000 ca:01 2087                       /lib/x86_64-linux-gnu/libnss_compat-2.27.so
7f9cc596a000-7f9cc5998000 r-xp 00000000 ca:01 269990                     /usr/lib/jvm/java-8-openjdk-amd64/jre/lib/amd64/libjava.so
7f9cc5998000-7f9cc5b97000 ---p 0002e000 ca:01 269990                     /usr/lib/jvm/java-8-openjdk-amd64/jre/lib/amd64/libjava.so
7f9cc5b97000-7f9cc5b98000 r--p 0002d000 ca:01 269990                     /usr/lib/jvm/java-8-openjdk-amd64/jre/lib/amd64/libjava.so
7f9cc5b98000-7f9cc5b9a000 rw-p 0002e000 ca:01 269990                     /usr/lib/jvm/java-8-openjdk-amd64/jre/lib/amd64/libjava.so
7f9cc5b9a000-7f9cc5baa000 r-xp 00000000 ca:01 270008                     /usr/lib/jvm/java-8-openjdk-amd64/jre/lib/amd64/libverify.so
7f9cc5baa000-7f9cc5da9000 ---p 00010000 ca:01 270008                     /usr/lib/jvm/java-8-openjdk-amd64/jre/lib/amd64/libverify.so
7f9cc5da9000-7f9cc5dab000 r--p 0000f000 ca:01 270008                     /usr/lib/jvm/java-8-openjdk-amd64/jre/lib/amd64/libverify.so
7f9cc5dab000-7f9cc5dac000 rw-p 00011000 ca:01 270008                     /usr/lib/jvm/java-8-openjdk-amd64/jre/lib/amd64/libverify.so
7f9cc5dac000-7f9cc5db3000 r-xp 00000000 ca:01 2182                       /lib/x86_64-linux-gnu/librt-2.27.so
7f9cc5db3000-7f9cc5fb2000 ---p 00007000 ca:01 2182                       /lib/x86_64-linux-gnu/librt-2.27.so
7f9cc5fb2000-7f9cc5fb3000 r--p 00006000 ca:01 2182                       /lib/x86_64-linux-gnu/librt-2.27.so
7f9cc5fb3000-7f9cc5fb4000 rw-p 00007000 ca:01 2182                       /lib/x86_64-linux-gnu/librt-2.27.so
7f9cc5fb4000-7f9cc5fcb000 r-xp 00000000 ca:01 2092                       /lib/x86_64-linux-gnu/libgcc_s.so.1
7f9cc5fcb000-7f9cc61ca000 ---p 00017000 ca:01 2092                       /lib/x86_64-linux-gnu/libgcc_s.so.1
7f9cc61ca000-7f9cc61cb000 r--p 00016000 ca:01 2092                       /lib/x86_64-linux-gnu/libgcc_s.so.1
7f9cc61cb000-7f9cc61cc000 rw-p 00017000 ca:01 2092                       /lib/x86_64-linux-gnu/libgcc_s.so.1
7f9cc61cc000-7f9cc6369000 r-xp 00000000 ca:01 2083                       /lib/x86_64-linux-gnu/libm-2.27.so
7f9cc6369000-7f9cc6568000 ---p 0019d000 ca:01 2083                       /lib/x86_64-linux-gnu/libm-2.27.so
7f9cc6568000-7f9cc6569000 r--p 0019c000 ca:01 2083                       /lib/x86_64-linux-gnu/libm-2.27.so
7f9cc6569000-7f9cc656a000 rw-p 0019d000 ca:01 2083                       /lib/x86_64-linux-gnu/libm-2.27.so
7f9cc656a000-7f9cc66e3000 r-xp 00000000 ca:01 5029                       /usr/lib/x86_64-linux-gnu/libstdc++.so.6.0.25
7f9cc66e3000-7f9cc68e3000 ---p 00179000 ca:01 5029                       /usr/lib/x86_64-linux-gnu/libstdc++.so.6.0.25
7f9cc68e3000-7f9cc68ed000 r--p 00179000 ca:01 5029                       /usr/lib/x86_64-linux-gnu/libstdc++.so.6.0.25
7f9cc68ed000-7f9cc68ef000 rw-p 00183000 ca:01 5029                       /usr/lib/x86_64-linux-gnu/libstdc++.so.6.0.25
7f9cc68ef000-7f9cc68f3000 rw-p 00000000 00:00 0 
7f9cc68f3000-7f9cc758d000 r-xp 00000000 ca:01 270012                     /usr/lib/jvm/java-8-openjdk-amd64/jre/lib/amd64/server/libjvm.so
7f9cc758d000-7f9cc778c000 ---p 00c9a000 ca:01 270012                     /usr/lib/jvm/java-8-openjdk-amd64/jre/lib/amd64/server/libjvm.so
7f9cc778c000-7f9cc7820000 r--p 00c99000 ca:01 270012                     /usr/lib/jvm/java-8-openjdk-amd64/jre/lib/amd64/server/libjvm.so
7f9cc7820000-7f9cc7849000 rw-p 00d2d000 ca:01 270012                     /usr/lib/jvm/java-8-openjdk-amd64/jre/lib/amd64/server/libjvm.so
7f9cc7849000-7f9cc7879000 rw-p 00000000 00:00 0 
7f9cc7879000-7f9cc7893000 r-xp 00000000 ca:01 2180                       /lib/x86_64-linux-gnu/libpthread-2.27.so
7f9cc7893000-7f9cc7a92000 ---p 0001a000 ca:01 2180                       /lib/x86_64-linux-gnu/libpthread-2.27.so
7f9cc7a92000-7f9cc7a93000 r--p 00019000 ca:01 2180                       /lib/x86_64-linux-gnu/libpthread-2.27.so
7f9cc7a93000-7f9cc7a94000 rw-p 0001a000 ca:01 2180                       /lib/x86_64-linux-gnu/libpthread-2.27.so
7f9cc7a94000-7f9cc7a98000 rw-p 00000000 00:00 0 
7f9cc7a98000-7f9cc7a9b000 r-xp 00000000 ca:01 2082                       /lib/x86_64-linux-gnu/libdl-2.27.so
7f9cc7a9b000-7f9cc7c9a000 ---p 00003000 ca:01 2082                       /lib/x86_64-linux-gnu/libdl-2.27.so
7f9cc7c9a000-7f9cc7c9b000 r--p 00002000 ca:01 2082                       /lib/x86_64-linux-gnu/libdl-2.27.so
7f9cc7c9b000-7f9cc7c9c000 rw-p 00003000 ca:01 2082                       /lib/x86_64-linux-gnu/libdl-2.27.so
7f9cc7c9c000-7f9cc7cb8000 r-xp 00000000 ca:01 2185                       /lib/x86_64-linux-gnu/libz.so.1.2.11
7f9cc7cb8000-7f9cc7eb7000 ---p 0001c000 ca:01 2185                       /lib/x86_64-linux-gnu/libz.so.1.2.11
7f9cc7eb7000-7f9cc7eb8000 r--p 0001b000 ca:01 2185                       /lib/x86_64-linux-gnu/libz.so.1.2.11
7f9cc7eb8000-7f9cc7eb9000 rw-p 0001c000 ca:01 2185                       /lib/x86_64-linux-gnu/libz.so.1.2.11
7f9cc7eb9000-7f9cc80a0000 r-xp 00000000 ca:01 2079                       /lib/x86_64-linux-gnu/libc-2.27.so
7f9cc80a0000-7f9cc82a0000 ---p 001e7000 ca:01 2079                       /lib/x86_64-linux-gnu/libc-2.27.so
7f9cc82a0000-7f9cc82a4000 r--p 001e7000 ca:01 2079                       /lib/x86_64-linux-gnu/libc-2.27.so
7f9cc82a4000-7f9cc82a6000 rw-p 001eb000 ca:01 2079                       /lib/x86_64-linux-gnu/libc-2.27.so
7f9cc82a6000-7f9cc82aa000 rw-p 00000000 00:00 0 
7f9cc82aa000-7f9cc82b8000 r-xp 00000000 ca:01 269976                     /usr/lib/jvm/java-8-openjdk-amd64/jre/lib/amd64/jli/libjli.so
7f9cc82b8000-7f9cc84b7000 ---p 0000e000 ca:01 269976                     /usr/lib/jvm/java-8-openjdk-amd64/jre/lib/amd64/jli/libjli.so
7f9cc84b7000-7f9cc84b8000 r--p 0000d000 ca:01 269976                     /usr/lib/jvm/java-8-openjdk-amd64/jre/lib/amd64/jli/libjli.so
7f9cc84b8000-7f9cc84b9000 rw-p 0000e000 ca:01 269976                     /usr/lib/jvm/java-8-openjdk-amd64/jre/lib/amd64/jli/libjli.so
7f9cc84b9000-7f9cc84e0000 r-xp 00000000 ca:01 2075                       /lib/x86_64-linux-gnu/ld-2.27.so
7f9cc85cb000-7f9cc85d3000 rw-s 00000000 ca:01 293393                     /tmp/hsperfdata_ubuntu/5193
7f9cc85d3000-7f9cc85d4000 ---p 00000000 00:00 0 
7f9cc85d4000-7f9cc85d7000 ---p 00000000 00:00 0 
7f9cc85d7000-7f9cc86d6000 rw-p 00000000 00:00 0 
7f9cc86dc000-7f9cc86dd000 rw-p 00000000 00:00 0 
7f9cc86dd000-7f9cc86de000 r--p 00000000 00:00 0 
7f9cc86de000-7f9cc86e0000 rw-p 00000000 00:00 0 
7f9cc86e0000-7f9cc86e1000 r--p 00027000 ca:01 2075                       /lib/x86_64-linux-gnu/ld-2.27.so
7f9cc86e1000-7f9cc86e2000 rw-p 00028000 ca:01 2075                       /lib/x86_64-linux-gnu/ld-2.27.so
7f9cc86e2000-7f9cc86e3000 rw-p 00000000 00:00 0 
7fff44e15000-7fff44e36000 rw-p 00000000 00:00 0                          [stack]
7fff44fb2000-7fff44fb5000 r--p 00000000 00:00 0                          [vvar]
7fff44fb5000-7fff44fb7000 r-xp 00000000 00:00 0                          [vdso]
ffffffffff600000-ffffffffff601000 r-xp 00000000 00:00 0                  [vsyscall]

VM Arguments:
jvm_args: -Xms1024m -Xmx1024m -XX:ReservedCodeCacheSize=128m -XX:MaxMetaspaceSize=256m 
java_command: /usr/share/sbt/bin/sbt-launch.jar run
java_class_path (initial): /usr/share/sbt/bin/sbt-launch.jar
Launcher Type: SUN_STANDARD

Environment Variables:
PATH=/usr/local/sbin:/usr/local/bin:/usr/sbin:/usr/bin:/sbin:/bin:/usr/games:/usr/local/games:/snap/bin
SHELL=/bin/bash

Signal Handlers:
SIGSEGV: [libjvm.so+0xab2ea0], sa_mask[0]=11111111011111111101111111111110, sa_flags=SA_RESTART|SA_SIGINFO
SIGBUS: [libjvm.so+0xab2ea0], sa_mask[0]=11111111011111111101111111111110, sa_flags=SA_RESTART|SA_SIGINFO
SIGFPE: [libjvm.so+0x8e87b0], sa_mask[0]=11111111011111111101111111111110, sa_flags=SA_RESTART|SA_SIGINFO
SIGPIPE: [libjvm.so+0x8e87b0], sa_mask[0]=11111111011111111101111111111110, sa_flags=SA_RESTART|SA_SIGINFO
SIGXFSZ: [libjvm.so+0x8e87b0], sa_mask[0]=11111111011111111101111111111110, sa_flags=SA_RESTART|SA_SIGINFO
SIGILL: [libjvm.so+0x8e87b0], sa_mask[0]=11111111011111111101111111111110, sa_flags=SA_RESTART|SA_SIGINFO
SIGUSR1: SIG_DFL, sa_mask[0]=00000000000000000000000000000000, sa_flags=none
SIGUSR2: [libjvm.so+0x8e8660], sa_mask[0]=00000000000000000000000000000000, sa_flags=SA_RESTART|SA_SIGINFO
SIGHUP: SIG_DFL, sa_mask[0]=00000000000000000000000000000000, sa_flags=none
SIGINT: SIG_DFL, sa_mask[0]=00000000000000000000000000000000, sa_flags=none
SIGTERM: SIG_DFL, sa_mask[0]=00000000000000000000000000000000, sa_flags=none
SIGQUIT: SIG_DFL, sa_mask[0]=00000000000000000000000000000000, sa_flags=none


---------------  S Y S T E M  ---------------

OS:DISTRIB_ID=Ubuntu
DISTRIB_RELEASE=18.04
DISTRIB_CODENAME=bionic
DISTRIB_DESCRIPTION="Ubuntu 18.04.2 LTS"

uname:Linux 4.15.0-1034-aws #36-Ubuntu SMP Tue Mar 5 23:17:16 UTC 2019 x86_64
libc:glibc 2.27 NPTL 2.27 
rlimit: STACK 8192k, CORE 0k, NPROC 15680, NOFILE 100000, AS infinity
load average:0.26 0.13 0.10

/proc/meminfo:
MemTotal:        4038176 kB
MemFree:          106300 kB
MemAvailable:     570084 kB
Buffers:          123620 kB
Cached:           508264 kB
SwapCached:            0 kB
Active:          3397848 kB
Inactive:         371936 kB
Active(anon):    3138508 kB
Inactive(anon):      192 kB
Active(file):     259340 kB
Inactive(file):   371744 kB
Unevictable:           0 kB
Mlocked:               0 kB
SwapTotal:             0 kB
SwapFree:              0 kB
Dirty:             23984 kB
Writeback:             0 kB
AnonPages:       3137980 kB
Mapped:            94864 kB
Shmem:               796 kB
Slab:             112884 kB
SReclaimable:      69560 kB
SUnreclaim:        43324 kB
KernelStack:        5096 kB
PageTables:        14648 kB
NFS_Unstable:          0 kB
Bounce:                0 kB
WritebackTmp:          0 kB
CommitLimit:     2019088 kB
Committed_AS:    6344532 kB
VmallocTotal:   34359738367 kB
VmallocUsed:           0 kB
VmallocChunk:          0 kB
HardwareCorrupted:     0 kB
AnonHugePages:         0 kB
ShmemHugePages:        0 kB
ShmemPmdMapped:        0 kB
CmaTotal:              0 kB
CmaFree:               0 kB
HugePages_Total:       0
HugePages_Free:        0
HugePages_Rsvd:        0
HugePages_Surp:        0
Hugepagesize:       2048 kB
DirectMap4k:       98304 kB
DirectMap2M:     4096000 kB

container (cgroup) information:
container_type: cgroupv1
cpu_cpuset_cpus: 0-1
cpu_memory_nodes: 0
active_processor_count: 2
cpu_quota: -1
cpu_period: 100000
cpu_shares: -1
memory_limit_in_bytes: -1
memory_and_swap_limit_in_bytes: -2
memory_soft_limit_in_bytes: -1
memory_usage_in_bytes: 1890242560
memory_max_usage_in_bytes: 1894977536


CPU:total 2 (initial active 2) (2 cores per cpu, 1 threads per core) family 6 model 79 stepping 1, cmov, cx8, fxsr, mmx, sse, sse2, sse3, ssse3, sse4.1, sse4.2, popcnt, avx, avx2, aes, clmul, erms, lzcnt, tsc, bmi1, bmi2

/proc/cpuinfo:
processor	: 0
vendor_id	: GenuineIntel
cpu family	: 6
model		: 79
model name	: Intel(R) Xeon(R) CPU E5-2686 v4 @ 2.30GHz
stepping	: 1
microcode	: 0xb000033
cpu MHz		: 2300.017
cache size	: 46080 KB
physical id	: 0
siblings	: 2
core id		: 0
cpu cores	: 2
apicid		: 0
initial apicid	: 0
fpu		: yes
fpu_exception	: yes
cpuid level	: 13
wp		: yes
flags		: fpu vme de pse tsc msr pae mce cx8 apic sep mtrr pge mca cmov pat pse36 clflush mmx fxsr sse sse2 ht syscall nx rdtscp lm constant_tsc rep_good nopl xtopology cpuid pni pclmulqdq ssse3 fma cx16 pcid sse4_1 sse4_2 x2apic movbe popcnt tsc_deadline_timer aes xsave avx f16c rdrand hypervisor lahf_lm abm cpuid_fault invpcid_single pti fsgsbase bmi1 avx2 smep bmi2 erms invpcid xsaveopt
bugs		: cpu_meltdown spectre_v1 spectre_v2 spec_store_bypass l1tf
bogomips	: 4600.10
clflush size	: 64
cache_alignment	: 64
address sizes	: 46 bits physical, 48 bits virtual
power management:

processor	: 1
vendor_id	: GenuineIntel
cpu family	: 6
model		: 79
model name	: Intel(R) Xeon(R) CPU E5-2686 v4 @ 2.30GHz
stepping	: 1
microcode	: 0xb000033
cpu MHz		: 2300.017
cache size	: 46080 KB
physical id	: 0
siblings	: 2
core id		: 1
cpu cores	: 2
apicid		: 2
initial apicid	: 2
fpu		: yes
fpu_exception	: yes
cpuid level	: 13
wp		: yes
flags		: fpu vme de pse tsc msr pae mce cx8 apic sep mtrr pge mca cmov pat pse36 clflush mmx fxsr sse sse2 ht syscall nx rdtscp lm constant_tsc rep_good nopl xtopology cpuid pni pclmulqdq ssse3 fma cx16 pcid sse4_1 sse4_2 x2apic movbe popcnt tsc_deadline_timer aes xsave avx f16c rdrand hypervisor lahf_lm abm cpuid_fault invpcid_single pti fsgsbase bmi1 avx2 smep bmi2 erms invpcid xsaveopt
bugs		: cpu_meltdown spectre_v1 spectre_v2 spec_store_bypass l1tf
bogomips	: 4600.10
clflush size	: 64
cache_alignment	: 64
address sizes	: 46 bits physical, 48 bits virtual
power management:



Memory: 4k page, physical 4038176k(106300k free), swap 0k(0k free)

vm_info: OpenJDK 64-Bit Server VM (25.191-b12) for linux-amd64 JRE (1.8.0_191-8u191-b12-2ubuntu0.18.04.1-b12), built on Jan 14 2019 21:02:00 by "buildd" with gcc 7.3.0

time: Tue Mar 19 03:07:14 2019
elapsed time: 0 seconds (0d 0h 0m 0s)

